<?xml version="1.0" encoding="UTF-8"?>
<coverage generated="1536923877646" clover="3.2.0">
  <project timestamp="1536923877646" name="All files">
    <metrics statements="210" coveredstatements="200" conditionals="70" coveredconditionals="64" methods="49" coveredmethods="46" elements="329" coveredelements="310" complexity="0" loc="210" ncloc="210" packages="1" files="1" classes="1">
      <file name="somap.js" path="/Users/us/myprojects/somap/somap.js">
        <metrics statements="210" coveredstatements="200" conditionals="70" coveredconditionals="64" methods="49" coveredmethods="46"/>
        <line num="4" count="4" type="stmt"/>
        <line num="5" count="4" type="stmt"/>
        <line num="7" count="4" type="stmt"/>
        <line num="8" count="629612" type="cond" truecount="1" falsecount="1"/>
        <line num="9" count="0" type="stmt"/>
        <line num="10" count="629612" type="cond" truecount="2" falsecount="0"/>
        <line num="11" count="290039" type="stmt"/>
        <line num="12" count="339573" type="cond" truecount="2" falsecount="0"/>
        <line num="13" count="287851" type="stmt"/>
        <line num="15" count="51722" type="stmt"/>
        <line num="19" count="4" type="stmt"/>
        <line num="20" count="10374" type="stmt"/>
        <line num="21" count="10374" type="stmt"/>
        <line num="22" count="10374" type="stmt"/>
        <line num="23" count="10374" type="stmt"/>
        <line num="26" count="4" type="cond" truecount="2" falsecount="0"/>
        <line num="27" count="1" type="stmt"/>
        <line num="28" count="1" type="stmt"/>
        <line num="29" count="1" type="stmt"/>
        <line num="30" count="7" type="stmt"/>
        <line num="31" count="7" type="stmt"/>
        <line num="36" count="2" type="stmt"/>
        <line num="38" count="2" type="stmt"/>
        <line num="39" count="1" type="stmt"/>
        <line num="42" count="2" type="stmt"/>
        <line num="44" count="2" type="stmt"/>
        <line num="45" count="10374" type="stmt"/>
        <line num="47" count="10374" type="stmt"/>
        <line num="48" count="157524" type="cond" truecount="2" falsecount="0"/>
        <line num="50" count="54" type="stmt"/>
        <line num="51" count="54" type="stmt"/>
        <line num="52" count="157470" type="cond" truecount="2" falsecount="0"/>
        <line num="54" count="3695" type="stmt"/>
        <line num="55" count="153775" type="cond" truecount="2" falsecount="0"/>
        <line num="57" count="71512" type="cond" truecount="2" falsecount="0"/>
        <line num="58" count="68183" type="stmt"/>
        <line num="60" count="3329" type="stmt"/>
        <line num="61" count="3329" type="stmt"/>
        <line num="65" count="82263" type="cond" truecount="2" falsecount="0"/>
        <line num="66" count="78967" type="stmt"/>
        <line num="68" count="3296" type="stmt"/>
        <line num="69" count="3296" type="stmt"/>
        <line num="72" count="10374" type="stmt"/>
        <line num="75" count="10374" type="stmt"/>
        <line num="76" count="10374" type="stmt"/>
        <line num="80" count="2" type="stmt"/>
        <line num="81" count="6364" type="stmt"/>
        <line num="83" count="6364" type="stmt"/>
        <line num="84" count="8179" type="cond" truecount="1" falsecount="1"/>
        <line num="85" count="8179" type="cond" truecount="2" falsecount="0"/>
        <line num="86" count="4882" type="stmt"/>
        <line num="88" count="3297" type="stmt"/>
        <line num="91" count="0" type="stmt"/>
        <line num="94" count="6364" type="stmt"/>
        <line num="95" count="93854" type="cond" truecount="2" falsecount="0"/>
        <line num="96" count="93852" type="cond" truecount="2" falsecount="0"/>
        <line num="97" count="42388" type="stmt"/>
        <line num="98" count="51464" type="cond" truecount="2" falsecount="0"/>
        <line num="99" count="41805" type="stmt"/>
        <line num="100" count="9659" type="cond" truecount="1" falsecount="1"/>
        <line num="101" count="9659" type="cond" truecount="2" falsecount="0"/>
        <line num="102" count="5171" type="stmt"/>
        <line num="103" count="5171" type="stmt"/>
        <line num="104" count="4488" type="cond" truecount="2" falsecount="0"/>
        <line num="105" count="1191" type="stmt"/>
        <line num="106" count="1191" type="stmt"/>
        <line num="108" count="3297" type="stmt"/>
        <line num="109" count="3297" type="stmt"/>
        <line num="110" count="3297" type="stmt"/>
        <line num="111" count="3297" type="stmt"/>
        <line num="115" count="87490" type="stmt"/>
        <line num="117" count="2" type="stmt"/>
        <line num="121" count="6364" type="stmt"/>
        <line num="124" count="2" type="stmt"/>
        <line num="125" count="58" type="stmt"/>
        <line num="126" count="58" type="stmt"/>
        <line num="129" count="2" type="stmt"/>
        <line num="130" count="30" type="stmt"/>
        <line num="133" count="2" type="stmt"/>
        <line num="134" count="6353" type="stmt"/>
        <line num="135" count="6353" type="stmt"/>
        <line num="136" count="6353" type="stmt"/>
        <line num="137" count="104848" type="cond" truecount="2" falsecount="0"/>
        <line num="138" count="52654" type="stmt"/>
        <line num="139" count="52194" type="cond" truecount="2" falsecount="0"/>
        <line num="140" count="45844" type="stmt"/>
        <line num="141" count="6350" type="cond" truecount="1" falsecount="1"/>
        <line num="142" count="6350" type="stmt"/>
        <line num="145" count="3" type="stmt"/>
        <line num="148" count="2" type="stmt"/>
        <line num="150" count="175" type="stmt"/>
        <line num="151" count="175" type="stmt"/>
        <line num="152" count="175" type="stmt"/>
        <line num="153" count="1551" type="cond" truecount="2" falsecount="0"/>
        <line num="154" count="688" type="stmt"/>
        <line num="155" count="688" type="cond" truecount="1" falsecount="1"/>
        <line num="156" count="0" type="stmt"/>
        <line num="158" count="688" type="stmt"/>
        <line num="160" count="688" type="stmt"/>
        <line num="161" count="688" type="stmt"/>
        <line num="165" count="175" type="stmt"/>
        <line num="168" count="2" type="stmt"/>
        <line num="169" count="5" type="stmt"/>
        <line num="170" count="5" type="stmt"/>
        <line num="171" count="5" type="stmt"/>
        <line num="172" count="35" type="stmt"/>
        <line num="175" count="5" type="stmt"/>
        <line num="177" count="40" type="cond" truecount="2" falsecount="0"/>
        <line num="185" count="2" type="stmt"/>
        <line num="188" count="0" type="stmt"/>
        <line num="189" count="0" type="stmt"/>
        <line num="196" count="2" type="stmt"/>
        <line num="197" count="2" type="stmt"/>
        <line num="198" count="2" type="stmt"/>
        <line num="199" count="2" type="stmt"/>
        <line num="200" count="14" type="stmt"/>
        <line num="203" count="2" type="stmt"/>
        <line num="205" count="16" type="cond" truecount="2" falsecount="0"/>
        <line num="213" count="1" type="stmt"/>
        <line num="216" count="0" type="stmt"/>
        <line num="217" count="0" type="stmt"/>
        <line num="224" count="2" type="stmt"/>
        <line num="225" count="5" type="stmt"/>
        <line num="226" count="5" type="stmt"/>
        <line num="227" count="5" type="stmt"/>
        <line num="228" count="35" type="stmt"/>
        <line num="231" count="5" type="stmt"/>
        <line num="233" count="40" type="cond" truecount="2" falsecount="0"/>
        <line num="241" count="2" type="stmt"/>
        <line num="244" count="0" type="stmt"/>
        <line num="245" count="0" type="stmt"/>
        <line num="252" count="2" type="stmt"/>
        <line num="253" count="86" type="stmt"/>
        <line num="254" count="86" type="stmt"/>
        <line num="256" count="86" type="stmt"/>
        <line num="257" count="316" type="stmt"/>
        <line num="258" count="316" type="cond" truecount="2" falsecount="0"/>
        <line num="260" count="86" type="stmt"/>
        <line num="261" count="86" type="stmt"/>
        <line num="264" count="2" type="stmt"/>
        <line num="265" count="4" type="stmt"/>
        <line num="268" count="2" type="stmt"/>
        <line num="269" count="4" type="stmt"/>
        <line num="270" count="4" type="cond" truecount="2" falsecount="0"/>
        <line num="271" count="4" type="stmt"/>
        <line num="273" count="4" type="cond" truecount="2" falsecount="0"/>
        <line num="274" count="2" type="stmt"/>
        <line num="279" count="2" type="stmt"/>
        <line num="283" count="2" type="stmt"/>
        <line num="284" count="4" type="stmt"/>
        <line num="285" count="4" type="cond" truecount="2" falsecount="0"/>
        <line num="286" count="2" type="stmt"/>
        <line num="288" count="4" type="cond" truecount="2" falsecount="0"/>
        <line num="289" count="2" type="stmt"/>
        <line num="294" count="2" type="stmt"/>
        <line num="301" count="2" type="stmt"/>
        <line num="302" count="2" type="stmt"/>
        <line num="303" count="2" type="cond" truecount="2" falsecount="0"/>
        <line num="304" count="1" type="stmt"/>
        <line num="305" count="1" type="stmt"/>
        <line num="306" count="1" type="stmt"/>
        <line num="307" count="7" type="stmt"/>
        <line num="308" count="7" type="stmt"/>
        <line num="313" count="2" type="stmt"/>
        <line num="315" count="2" type="stmt"/>
        <line num="316" count="1" type="stmt"/>
        <line num="319" count="2" type="stmt"/>
        <line num="321" count="2" type="stmt"/>
        <line num="322" count="169" type="stmt"/>
        <line num="323" count="169" type="stmt"/>
        <line num="326" count="2" type="stmt"/>
        <line num="327" count="26" type="stmt"/>
        <line num="328" count="26" type="stmt"/>
        <line num="331" count="2" type="stmt"/>
        <line num="332" count="28" type="stmt"/>
        <line num="333" count="28" type="stmt"/>
        <line num="336" count="2" type="stmt"/>
        <line num="337" count="2" type="stmt"/>
        <line num="340" count="2" type="stmt"/>
        <line num="341" count="76" type="stmt"/>
        <line num="342" count="76" type="stmt"/>
        <line num="343" count="281" type="cond" truecount="1" falsecount="1"/>
        <line num="344" count="0" type="stmt"/>
        <line num="346" count="281" type="stmt"/>
        <line num="349" count="76" type="stmt"/>
        <line num="352" count="2" type="stmt"/>
        <line num="353" count="15" type="stmt"/>
        <line num="356" count="2" type="stmt"/>
        <line num="357" count="3" type="stmt"/>
        <line num="360" count="2" type="stmt"/>
        <line num="361" count="75" type="stmt"/>
        <line num="362" count="75" type="stmt"/>
        <line num="364" count="75" type="stmt"/>
        <line num="365" count="274" type="stmt"/>
        <line num="366" count="274" type="cond" truecount="2" falsecount="0"/>
        <line num="368" count="75" type="stmt"/>
        <line num="369" count="75" type="stmt"/>
        <line num="372" count="2" type="stmt"/>
        <line num="373" count="2" type="stmt"/>
        <line num="376" count="2" type="stmt"/>
        <line num="377" count="2" type="stmt"/>
        <line num="378" count="2" type="cond" truecount="2" falsecount="0"/>
        <line num="379" count="1" type="stmt"/>
        <line num="381" count="1" type="stmt"/>
        <line num="385" count="2" type="stmt"/>
        <line num="386" count="2" type="stmt"/>
        <line num="387" count="2" type="cond" truecount="2" falsecount="0"/>
        <line num="388" count="1" type="stmt"/>
        <line num="390" count="1" type="stmt"/>
        <line num="396" count="2" type="stmt"/>
      </file>
    </metrics>
  </project>
</coverage>
