{"/Users/us/myprojects/somap/somap.js": {"path":"/Users/us/myprojects/somap/somap.js","statementMap":{"0":{"start":{"line":4,"column":4},"end":{"line":4,"column":18}},"1":{"start":{"line":5,"column":4},"end":{"line":5,"column":21}},"2":{"start":{"line":7,"column":4},"end":{"line":17,"column":5}},"3":{"start":{"line":8,"column":8},"end":{"line":16,"column":9}},"4":{"start":{"line":9,"column":12},"end":{"line":9,"column":36}},"5":{"start":{"line":10,"column":15},"end":{"line":16,"column":9}},"6":{"start":{"line":11,"column":12},"end":{"line":11,"column":22}},"7":{"start":{"line":12,"column":15},"end":{"line":16,"column":9}},"8":{"start":{"line":13,"column":12},"end":{"line":13,"column":21}},"9":{"start":{"line":15,"column":12},"end":{"line":15,"column":21}},"10":{"start":{"line":19,"column":4},"end":{"line":24,"column":5}},"11":{"start":{"line":20,"column":8},"end":{"line":20,"column":23}},"12":{"start":{"line":21,"column":8},"end":{"line":21,"column":27}},"13":{"start":{"line":22,"column":8},"end":{"line":22,"column":25}},"14":{"start":{"line":23,"column":8},"end":{"line":23,"column":26}},"15":{"start":{"line":26,"column":4},"end":{"line":33,"column":5}},"16":{"start":{"line":27,"column":23},"end":{"line":27,"column":50}},"17":{"start":{"line":28,"column":19},"end":{"line":28,"column":34}},"18":{"start":{"line":29,"column":8},"end":{"line":32,"column":9}},"19":{"start":{"line":30,"column":12},"end":{"line":30,"column":51}},"20":{"start":{"line":31,"column":12},"end":{"line":31,"column":35}},"21":{"start":{"line":36,"column":0},"end":{"line":36,"column":30}},"22":{"start":{"line":38,"column":0},"end":{"line":40,"column":1}},"23":{"start":{"line":39,"column":4},"end":{"line":39,"column":26}},"24":{"start":{"line":42,"column":0},"end":{"line":42,"column":46}},"25":{"start":{"line":44,"column":0},"end":{"line":77,"column":1}},"26":{"start":{"line":45,"column":14},"end":{"line":45,"column":18}},"27":{"start":{"line":47,"column":17},"end":{"line":73,"column":5}},"28":{"start":{"line":48,"column":8},"end":{"line":71,"column":9}},"29":{"start":{"line":50,"column":12},"end":{"line":50,"column":28}},"30":{"start":{"line":51,"column":12},"end":{"line":51,"column":25}},"31":{"start":{"line":52,"column":15},"end":{"line":71,"column":9}},"32":{"start":{"line":54,"column":12},"end":{"line":54,"column":38}},"33":{"start":{"line":55,"column":15},"end":{"line":71,"column":9}},"34":{"start":{"line":57,"column":12},"end":{"line":62,"column":13}},"35":{"start":{"line":58,"column":16},"end":{"line":58,"column":49}},"36":{"start":{"line":60,"column":16},"end":{"line":60,"column":35}},"37":{"start":{"line":61,"column":16},"end":{"line":61,"column":27}},"38":{"start":{"line":65,"column":12},"end":{"line":70,"column":13}},"39":{"start":{"line":66,"column":16},"end":{"line":66,"column":50}},"40":{"start":{"line":68,"column":16},"end":{"line":68,"column":36}},"41":{"start":{"line":69,"column":16},"end":{"line":69,"column":27}},"42":{"start":{"line":72,"column":8},"end":{"line":72,"column":20}},"43":{"start":{"line":75,"column":15},"end":{"line":75,"column":39}},"44":{"start":{"line":76,"column":4},"end":{"line":76,"column":27}},"45":{"start":{"line":80,"column":0},"end":{"line":122,"column":1}},"46":{"start":{"line":81,"column":14},"end":{"line":81,"column":18}},"47":{"start":{"line":83,"column":14},"end":{"line":92,"column":5}},"48":{"start":{"line":84,"column":8},"end":{"line":90,"column":9}},"49":{"start":{"line":85,"column":12},"end":{"line":89,"column":13}},"50":{"start":{"line":86,"column":16},"end":{"line":86,"column":38}},"51":{"start":{"line":88,"column":16},"end":{"line":88,"column":28}},"52":{"start":{"line":91,"column":8},"end":{"line":91,"column":20}},"53":{"start":{"line":94,"column":14},"end":{"line":119,"column":5}},"54":{"start":{"line":95,"column":8},"end":{"line":118,"column":9}},"55":{"start":{"line":96,"column":12},"end":{"line":113,"column":13}},"56":{"start":{"line":97,"column":16},"end":{"line":97,"column":50}},"57":{"start":{"line":98,"column":19},"end":{"line":113,"column":13}},"58":{"start":{"line":99,"column":16},"end":{"line":99,"column":48}},"59":{"start":{"line":100,"column":19},"end":{"line":113,"column":13}},"60":{"start":{"line":101,"column":16},"end":{"line":112,"column":17}},"61":{"start":{"line":102,"column":20},"end":{"line":102,"column":31}},"62":{"start":{"line":103,"column":20},"end":{"line":103,"column":37}},"63":{"start":{"line":104,"column":23},"end":{"line":112,"column":17}},"64":{"start":{"line":105,"column":20},"end":{"line":105,"column":31}},"65":{"start":{"line":106,"column":20},"end":{"line":106,"column":37}},"66":{"start":{"line":108,"column":28},"end":{"line":108,"column":43}},"67":{"start":{"line":109,"column":20},"end":{"line":109,"column":37}},"68":{"start":{"line":110,"column":20},"end":{"line":110,"column":41}},"69":{"start":{"line":111,"column":20},"end":{"line":111,"column":59}},"70":{"start":{"line":115,"column":12},"end":{"line":115,"column":24}},"71":{"start":{"line":117,"column":12},"end":{"line":117,"column":24}},"72":{"start":{"line":121,"column":4},"end":{"line":121,"column":34}},"73":{"start":{"line":124,"column":0},"end":{"line":127,"column":1}},"74":{"start":{"line":125,"column":4},"end":{"line":125,"column":18}},"75":{"start":{"line":126,"column":4},"end":{"line":126,"column":21}},"76":{"start":{"line":129,"column":0},"end":{"line":131,"column":1}},"77":{"start":{"line":130,"column":4},"end":{"line":130,"column":33}},"78":{"start":{"line":133,"column":0},"end":{"line":146,"column":1}},"79":{"start":{"line":134,"column":14},"end":{"line":134,"column":18}},"80":{"start":{"line":135,"column":15},"end":{"line":135,"column":24}},"81":{"start":{"line":136,"column":4},"end":{"line":144,"column":5}},"82":{"start":{"line":137,"column":8},"end":{"line":143,"column":9}},"83":{"start":{"line":138,"column":12},"end":{"line":138,"column":30}},"84":{"start":{"line":139,"column":15},"end":{"line":143,"column":9}},"85":{"start":{"line":140,"column":12},"end":{"line":140,"column":29}},"86":{"start":{"line":141,"column":15},"end":{"line":143,"column":9}},"87":{"start":{"line":142,"column":12},"end":{"line":142,"column":30}},"88":{"start":{"line":145,"column":4},"end":{"line":145,"column":16}},"89":{"start":{"line":148,"column":0},"end":{"line":166,"column":1}},"90":{"start":{"line":150,"column":16},"end":{"line":150,"column":17}},"91":{"start":{"line":151,"column":14},"end":{"line":151,"column":18}},"92":{"start":{"line":152,"column":27},"end":{"line":163,"column":5}},"93":{"start":{"line":153,"column":8},"end":{"line":162,"column":9}},"94":{"start":{"line":154,"column":12},"end":{"line":154,"column":40}},"95":{"start":{"line":155,"column":12},"end":{"line":159,"column":13}},"96":{"start":{"line":156,"column":16},"end":{"line":156,"column":73}},"97":{"start":{"line":158,"column":16},"end":{"line":158,"column":59}},"98":{"start":{"line":160,"column":12},"end":{"line":160,"column":20}},"99":{"start":{"line":161,"column":12},"end":{"line":161,"column":41}},"100":{"start":{"line":165,"column":4},"end":{"line":165,"column":32}},"101":{"start":{"line":168,"column":0},"end":{"line":194,"column":1}},"102":{"start":{"line":169,"column":12},"end":{"line":169,"column":13}},"103":{"start":{"line":170,"column":18},"end":{"line":170,"column":20}},"104":{"start":{"line":171,"column":4},"end":{"line":173,"column":7}},"105":{"start":{"line":172,"column":8},"end":{"line":172,"column":35}},"106":{"start":{"line":175,"column":4},"end":{"line":193,"column":5}},"107":{"start":{"line":177,"column":12},"end":{"line":182,"column":13}},"108":{"start":{"line":185,"column":12},"end":{"line":185,"column":24}},"109":{"start":{"line":188,"column":12},"end":{"line":188,"column":31}},"110":{"start":{"line":189,"column":12},"end":{"line":191,"column":13}},"111":{"start":{"line":196,"column":0},"end":{"line":222,"column":1}},"112":{"start":{"line":197,"column":12},"end":{"line":197,"column":13}},"113":{"start":{"line":198,"column":18},"end":{"line":198,"column":20}},"114":{"start":{"line":199,"column":4},"end":{"line":201,"column":7}},"115":{"start":{"line":200,"column":8},"end":{"line":200,"column":26}},"116":{"start":{"line":203,"column":4},"end":{"line":221,"column":5}},"117":{"start":{"line":205,"column":12},"end":{"line":210,"column":13}},"118":{"start":{"line":213,"column":12},"end":{"line":213,"column":24}},"119":{"start":{"line":216,"column":12},"end":{"line":216,"column":31}},"120":{"start":{"line":217,"column":12},"end":{"line":219,"column":13}},"121":{"start":{"line":224,"column":0},"end":{"line":250,"column":1}},"122":{"start":{"line":225,"column":12},"end":{"line":225,"column":13}},"123":{"start":{"line":226,"column":18},"end":{"line":226,"column":20}},"124":{"start":{"line":227,"column":4},"end":{"line":229,"column":7}},"125":{"start":{"line":228,"column":8},"end":{"line":228,"column":28}},"126":{"start":{"line":231,"column":4},"end":{"line":249,"column":5}},"127":{"start":{"line":233,"column":12},"end":{"line":238,"column":13}},"128":{"start":{"line":241,"column":12},"end":{"line":241,"column":24}},"129":{"start":{"line":244,"column":12},"end":{"line":244,"column":31}},"130":{"start":{"line":245,"column":12},"end":{"line":247,"column":13}},"131":{"start":{"line":252,"column":0},"end":{"line":262,"column":1}},"132":{"start":{"line":253,"column":15},"end":{"line":253,"column":24}},"133":{"start":{"line":254,"column":17},"end":{"line":254,"column":61}},"134":{"start":{"line":256,"column":4},"end":{"line":259,"column":7}},"135":{"start":{"line":257,"column":8},"end":{"line":257,"column":45}},"136":{"start":{"line":258,"column":8},"end":{"line":258,"column":42}},"137":{"start":{"line":260,"column":4},"end":{"line":260,"column":19}},"138":{"start":{"line":261,"column":4},"end":{"line":261,"column":18}},"139":{"start":{"line":264,"column":0},"end":{"line":266,"column":1}},"140":{"start":{"line":265,"column":4},"end":{"line":265,"column":26}},"141":{"start":{"line":268,"column":0},"end":{"line":281,"column":1}},"142":{"start":{"line":269,"column":15},"end":{"line":269,"column":24}},"143":{"start":{"line":270,"column":4},"end":{"line":272,"column":5}},"144":{"start":{"line":271,"column":8},"end":{"line":271,"column":25}},"145":{"start":{"line":273,"column":4},"end":{"line":280,"column":5}},"146":{"start":{"line":274,"column":8},"end":{"line":277,"column":9}},"147":{"start":{"line":279,"column":8},"end":{"line":279,"column":20}},"148":{"start":{"line":283,"column":0},"end":{"line":297,"column":1}},"149":{"start":{"line":284,"column":15},"end":{"line":284,"column":24}},"150":{"start":{"line":285,"column":4},"end":{"line":287,"column":5}},"151":{"start":{"line":286,"column":8},"end":{"line":286,"column":26}},"152":{"start":{"line":288,"column":4},"end":{"line":295,"column":5}},"153":{"start":{"line":289,"column":8},"end":{"line":292,"column":9}},"154":{"start":{"line":294,"column":8},"end":{"line":294,"column":20}},"155":{"start":{"line":301,"column":4},"end":{"line":301,"column":18}},"156":{"start":{"line":302,"column":4},"end":{"line":302,"column":45}},"157":{"start":{"line":303,"column":4},"end":{"line":310,"column":5}},"158":{"start":{"line":304,"column":23},"end":{"line":304,"column":50}},"159":{"start":{"line":305,"column":19},"end":{"line":305,"column":34}},"160":{"start":{"line":306,"column":8},"end":{"line":309,"column":9}},"161":{"start":{"line":307,"column":12},"end":{"line":307,"column":33}},"162":{"start":{"line":308,"column":12},"end":{"line":308,"column":35}},"163":{"start":{"line":313,"column":0},"end":{"line":313,"column":30}},"164":{"start":{"line":315,"column":0},"end":{"line":317,"column":1}},"165":{"start":{"line":316,"column":4},"end":{"line":316,"column":25}},"166":{"start":{"line":319,"column":0},"end":{"line":319,"column":46}},"167":{"start":{"line":321,"column":0},"end":{"line":324,"column":1}},"168":{"start":{"line":322,"column":4},"end":{"line":322,"column":33}},"169":{"start":{"line":323,"column":4},"end":{"line":323,"column":32}},"170":{"start":{"line":326,"column":0},"end":{"line":329,"column":1}},"171":{"start":{"line":327,"column":4},"end":{"line":327,"column":23}},"172":{"start":{"line":328,"column":4},"end":{"line":328,"column":32}},"173":{"start":{"line":331,"column":0},"end":{"line":334,"column":1}},"174":{"start":{"line":332,"column":4},"end":{"line":332,"column":29}},"175":{"start":{"line":333,"column":4},"end":{"line":333,"column":32}},"176":{"start":{"line":336,"column":0},"end":{"line":338,"column":1}},"177":{"start":{"line":337,"column":4},"end":{"line":337,"column":32}},"178":{"start":{"line":340,"column":0},"end":{"line":350,"column":1}},"179":{"start":{"line":341,"column":14},"end":{"line":341,"column":18}},"180":{"start":{"line":342,"column":22},"end":{"line":348,"column":5}},"181":{"start":{"line":343,"column":8},"end":{"line":347,"column":9}},"182":{"start":{"line":344,"column":12},"end":{"line":344,"column":59}},"183":{"start":{"line":346,"column":12},"end":{"line":346,"column":45}},"184":{"start":{"line":349,"column":4},"end":{"line":349,"column":45}},"185":{"start":{"line":352,"column":0},"end":{"line":354,"column":1}},"186":{"start":{"line":353,"column":4},"end":{"line":353,"column":33}},"187":{"start":{"line":356,"column":0},"end":{"line":358,"column":1}},"188":{"start":{"line":357,"column":4},"end":{"line":357,"column":31}},"189":{"start":{"line":360,"column":0},"end":{"line":370,"column":1}},"190":{"start":{"line":361,"column":15},"end":{"line":361,"column":24}},"191":{"start":{"line":362,"column":17},"end":{"line":362,"column":61}},"192":{"start":{"line":364,"column":4},"end":{"line":367,"column":7}},"193":{"start":{"line":365,"column":8},"end":{"line":365,"column":30}},"194":{"start":{"line":366,"column":8},"end":{"line":366,"column":42}},"195":{"start":{"line":368,"column":4},"end":{"line":368,"column":19}},"196":{"start":{"line":369,"column":4},"end":{"line":369,"column":18}},"197":{"start":{"line":372,"column":0},"end":{"line":374,"column":1}},"198":{"start":{"line":373,"column":4},"end":{"line":373,"column":32}},"199":{"start":{"line":376,"column":0},"end":{"line":383,"column":1}},"200":{"start":{"line":377,"column":14},"end":{"line":377,"column":30}},"201":{"start":{"line":378,"column":4},"end":{"line":382,"column":5}},"202":{"start":{"line":379,"column":8},"end":{"line":379,"column":25}},"203":{"start":{"line":381,"column":8},"end":{"line":381,"column":20}},"204":{"start":{"line":385,"column":0},"end":{"line":392,"column":1}},"205":{"start":{"line":386,"column":14},"end":{"line":386,"column":30}},"206":{"start":{"line":387,"column":4},"end":{"line":391,"column":5}},"207":{"start":{"line":388,"column":8},"end":{"line":388,"column":25}},"208":{"start":{"line":390,"column":8},"end":{"line":390,"column":20}},"209":{"start":{"line":396,"column":0},"end":{"line":399,"column":2}}},"fnMap":{"0":{"name":"SoMap","decl":{"start":{"line":3,"column":9},"end":{"line":3,"column":14}},"loc":{"start":{"line":3,"column":37},"end":{"line":34,"column":1}},"line":3},"1":{"name":"(anonymous_1)","decl":{"start":{"line":7,"column":19},"end":{"line":7,"column":20}},"loc":{"start":{"line":7,"column":34},"end":{"line":17,"column":5}},"line":7},"2":{"name":"(anonymous_2)","decl":{"start":{"line":19,"column":16},"end":{"line":19,"column":17}},"loc":{"start":{"line":19,"column":37},"end":{"line":24,"column":5}},"line":19},"3":{"name":"(anonymous_3)","decl":{"start":{"line":38,"column":35},"end":{"line":38,"column":36}},"loc":{"start":{"line":38,"column":46},"end":{"line":40,"column":1}},"line":38},"4":{"name":"(anonymous_4)","decl":{"start":{"line":44,"column":22},"end":{"line":44,"column":23}},"loc":{"start":{"line":44,"column":43},"end":{"line":77,"column":1}},"line":44},"5":{"name":"(anonymous_5)","decl":{"start":{"line":47,"column":17},"end":{"line":47,"column":18}},"loc":{"start":{"line":47,"column":40},"end":{"line":73,"column":5}},"line":47},"6":{"name":"(anonymous_6)","decl":{"start":{"line":80,"column":28},"end":{"line":80,"column":29}},"loc":{"start":{"line":80,"column":42},"end":{"line":122,"column":1}},"line":80},"7":{"name":"(anonymous_7)","decl":{"start":{"line":83,"column":14},"end":{"line":83,"column":15}},"loc":{"start":{"line":83,"column":29},"end":{"line":92,"column":5}},"line":83},"8":{"name":"(anonymous_8)","decl":{"start":{"line":94,"column":14},"end":{"line":94,"column":15}},"loc":{"start":{"line":94,"column":34},"end":{"line":119,"column":5}},"line":94},"9":{"name":"(anonymous_9)","decl":{"start":{"line":124,"column":24},"end":{"line":124,"column":25}},"loc":{"start":{"line":124,"column":35},"end":{"line":127,"column":1}},"line":124},"10":{"name":"(anonymous_10)","decl":{"start":{"line":129,"column":22},"end":{"line":129,"column":23}},"loc":{"start":{"line":129,"column":36},"end":{"line":131,"column":1}},"line":129},"11":{"name":"(anonymous_11)","decl":{"start":{"line":133,"column":22},"end":{"line":133,"column":23}},"loc":{"start":{"line":133,"column":36},"end":{"line":146,"column":1}},"line":133},"12":{"name":"(anonymous_12)","decl":{"start":{"line":148,"column":26},"end":{"line":148,"column":27}},"loc":{"start":{"line":148,"column":54},"end":{"line":166,"column":1}},"line":148},"13":{"name":"(anonymous_13)","decl":{"start":{"line":152,"column":27},"end":{"line":152,"column":28}},"loc":{"start":{"line":152,"column":42},"end":{"line":163,"column":5}},"line":152},"14":{"name":"(anonymous_14)","decl":{"start":{"line":168,"column":26},"end":{"line":168,"column":27}},"loc":{"start":{"line":168,"column":37},"end":{"line":194,"column":1}},"line":168},"15":{"name":"(anonymous_15)","decl":{"start":{"line":171,"column":17},"end":{"line":171,"column":18}},"loc":{"start":{"line":171,"column":38},"end":{"line":173,"column":5}},"line":171},"16":{"name":"(anonymous_16)","decl":{"start":{"line":176,"column":14},"end":{"line":176,"column":15}},"loc":{"start":{"line":176,"column":25},"end":{"line":183,"column":9}},"line":176},"17":{"name":"(anonymous_17)","decl":{"start":{"line":184,"column":27},"end":{"line":184,"column":28}},"loc":{"start":{"line":184,"column":38},"end":{"line":186,"column":9}},"line":184},"18":{"name":"(anonymous_18)","decl":{"start":{"line":187,"column":16},"end":{"line":187,"column":17}},"loc":{"start":{"line":187,"column":27},"end":{"line":192,"column":9}},"line":187},"19":{"name":"(anonymous_19)","decl":{"start":{"line":196,"column":23},"end":{"line":196,"column":24}},"loc":{"start":{"line":196,"column":34},"end":{"line":222,"column":1}},"line":196},"20":{"name":"(anonymous_20)","decl":{"start":{"line":199,"column":17},"end":{"line":199,"column":18}},"loc":{"start":{"line":199,"column":38},"end":{"line":201,"column":5}},"line":199},"21":{"name":"(anonymous_21)","decl":{"start":{"line":204,"column":14},"end":{"line":204,"column":15}},"loc":{"start":{"line":204,"column":25},"end":{"line":211,"column":9}},"line":204},"22":{"name":"(anonymous_22)","decl":{"start":{"line":212,"column":27},"end":{"line":212,"column":28}},"loc":{"start":{"line":212,"column":38},"end":{"line":214,"column":9}},"line":212},"23":{"name":"(anonymous_23)","decl":{"start":{"line":215,"column":16},"end":{"line":215,"column":17}},"loc":{"start":{"line":215,"column":27},"end":{"line":220,"column":9}},"line":215},"24":{"name":"(anonymous_24)","decl":{"start":{"line":224,"column":25},"end":{"line":224,"column":26}},"loc":{"start":{"line":224,"column":36},"end":{"line":250,"column":1}},"line":224},"25":{"name":"(anonymous_25)","decl":{"start":{"line":227,"column":17},"end":{"line":227,"column":18}},"loc":{"start":{"line":227,"column":38},"end":{"line":229,"column":5}},"line":227},"26":{"name":"(anonymous_26)","decl":{"start":{"line":232,"column":14},"end":{"line":232,"column":15}},"loc":{"start":{"line":232,"column":25},"end":{"line":239,"column":9}},"line":232},"27":{"name":"(anonymous_27)","decl":{"start":{"line":240,"column":27},"end":{"line":240,"column":28}},"loc":{"start":{"line":240,"column":38},"end":{"line":242,"column":9}},"line":240},"28":{"name":"(anonymous_28)","decl":{"start":{"line":243,"column":16},"end":{"line":243,"column":17}},"loc":{"start":{"line":243,"column":27},"end":{"line":248,"column":9}},"line":243},"29":{"name":"(anonymous_29)","decl":{"start":{"line":252,"column":27},"end":{"line":252,"column":28}},"loc":{"start":{"line":252,"column":38},"end":{"line":262,"column":1}},"line":252},"30":{"name":"(anonymous_30)","decl":{"start":{"line":256,"column":17},"end":{"line":256,"column":18}},"loc":{"start":{"line":256,"column":46},"end":{"line":259,"column":5}},"line":256},"31":{"name":"(anonymous_31)","decl":{"start":{"line":264,"column":26},"end":{"line":264,"column":27}},"loc":{"start":{"line":264,"column":37},"end":{"line":266,"column":1}},"line":264},"32":{"name":"(anonymous_32)","decl":{"start":{"line":268,"column":22},"end":{"line":268,"column":23}},"loc":{"start":{"line":268,"column":33},"end":{"line":281,"column":1}},"line":268},"33":{"name":"(anonymous_33)","decl":{"start":{"line":283,"column":22},"end":{"line":283,"column":23}},"loc":{"start":{"line":283,"column":33},"end":{"line":297,"column":1}},"line":283},"34":{"name":"SoSet","decl":{"start":{"line":300,"column":9},"end":{"line":300,"column":14}},"loc":{"start":{"line":300,"column":37},"end":{"line":311,"column":1}},"line":300},"35":{"name":"(anonymous_35)","decl":{"start":{"line":315,"column":35},"end":{"line":315,"column":36}},"loc":{"start":{"line":315,"column":46},"end":{"line":317,"column":1}},"line":315},"36":{"name":"(anonymous_36)","decl":{"start":{"line":321,"column":22},"end":{"line":321,"column":23}},"loc":{"start":{"line":321,"column":38},"end":{"line":324,"column":1}},"line":321},"37":{"name":"(anonymous_37)","decl":{"start":{"line":326,"column":24},"end":{"line":326,"column":25}},"loc":{"start":{"line":326,"column":35},"end":{"line":329,"column":1}},"line":326},"38":{"name":"(anonymous_38)","decl":{"start":{"line":331,"column":28},"end":{"line":331,"column":29}},"loc":{"start":{"line":331,"column":44},"end":{"line":334,"column":1}},"line":331},"39":{"name":"(anonymous_39)","decl":{"start":{"line":336,"column":26},"end":{"line":336,"column":27}},"loc":{"start":{"line":336,"column":37},"end":{"line":338,"column":1}},"line":336},"40":{"name":"(anonymous_40)","decl":{"start":{"line":340,"column":26},"end":{"line":340,"column":27}},"loc":{"start":{"line":340,"column":54},"end":{"line":350,"column":1}},"line":340},"41":{"name":"(anonymous_41)","decl":{"start":{"line":342,"column":22},"end":{"line":342,"column":23}},"loc":{"start":{"line":342,"column":58},"end":{"line":348,"column":5}},"line":342},"42":{"name":"(anonymous_42)","decl":{"start":{"line":352,"column":22},"end":{"line":352,"column":23}},"loc":{"start":{"line":352,"column":38},"end":{"line":354,"column":1}},"line":352},"43":{"name":"(anonymous_43)","decl":{"start":{"line":356,"column":25},"end":{"line":356,"column":26}},"loc":{"start":{"line":356,"column":36},"end":{"line":358,"column":1}},"line":356},"44":{"name":"(anonymous_44)","decl":{"start":{"line":360,"column":27},"end":{"line":360,"column":28}},"loc":{"start":{"line":360,"column":38},"end":{"line":370,"column":1}},"line":360},"45":{"name":"(anonymous_45)","decl":{"start":{"line":364,"column":17},"end":{"line":364,"column":18}},"loc":{"start":{"line":364,"column":46},"end":{"line":367,"column":5}},"line":364},"46":{"name":"(anonymous_46)","decl":{"start":{"line":372,"column":26},"end":{"line":372,"column":27}},"loc":{"start":{"line":372,"column":37},"end":{"line":374,"column":1}},"line":372},"47":{"name":"(anonymous_47)","decl":{"start":{"line":376,"column":22},"end":{"line":376,"column":23}},"loc":{"start":{"line":376,"column":33},"end":{"line":383,"column":1}},"line":376},"48":{"name":"(anonymous_48)","decl":{"start":{"line":385,"column":22},"end":{"line":385,"column":23}},"loc":{"start":{"line":385,"column":33},"end":{"line":392,"column":1}},"line":385}},"branchMap":{"0":{"loc":{"start":{"line":8,"column":8},"end":{"line":16,"column":9}},"type":"if","locations":[{"start":{"line":8,"column":8},"end":{"line":16,"column":9}},{"start":{"line":8,"column":8},"end":{"line":16,"column":9}}],"line":8},"1":{"loc":{"start":{"line":10,"column":15},"end":{"line":16,"column":9}},"type":"if","locations":[{"start":{"line":10,"column":15},"end":{"line":16,"column":9}},{"start":{"line":10,"column":15},"end":{"line":16,"column":9}}],"line":10},"2":{"loc":{"start":{"line":12,"column":15},"end":{"line":16,"column":9}},"type":"if","locations":[{"start":{"line":12,"column":15},"end":{"line":16,"column":9}},{"start":{"line":12,"column":15},"end":{"line":16,"column":9}}],"line":12},"3":{"loc":{"start":{"line":26,"column":4},"end":{"line":33,"column":5}},"type":"if","locations":[{"start":{"line":26,"column":4},"end":{"line":33,"column":5}},{"start":{"line":26,"column":4},"end":{"line":33,"column":5}}],"line":26},"4":{"loc":{"start":{"line":48,"column":8},"end":{"line":71,"column":9}},"type":"if","locations":[{"start":{"line":48,"column":8},"end":{"line":71,"column":9}},{"start":{"line":48,"column":8},"end":{"line":71,"column":9}}],"line":48},"5":{"loc":{"start":{"line":52,"column":15},"end":{"line":71,"column":9}},"type":"if","locations":[{"start":{"line":52,"column":15},"end":{"line":71,"column":9}},{"start":{"line":52,"column":15},"end":{"line":71,"column":9}}],"line":52},"6":{"loc":{"start":{"line":55,"column":15},"end":{"line":71,"column":9}},"type":"if","locations":[{"start":{"line":55,"column":15},"end":{"line":71,"column":9}},{"start":{"line":55,"column":15},"end":{"line":71,"column":9}}],"line":55},"7":{"loc":{"start":{"line":57,"column":12},"end":{"line":62,"column":13}},"type":"if","locations":[{"start":{"line":57,"column":12},"end":{"line":62,"column":13}},{"start":{"line":57,"column":12},"end":{"line":62,"column":13}}],"line":57},"8":{"loc":{"start":{"line":65,"column":12},"end":{"line":70,"column":13}},"type":"if","locations":[{"start":{"line":65,"column":12},"end":{"line":70,"column":13}},{"start":{"line":65,"column":12},"end":{"line":70,"column":13}}],"line":65},"9":{"loc":{"start":{"line":84,"column":8},"end":{"line":90,"column":9}},"type":"if","locations":[{"start":{"line":84,"column":8},"end":{"line":90,"column":9}},{"start":{"line":84,"column":8},"end":{"line":90,"column":9}}],"line":84},"10":{"loc":{"start":{"line":85,"column":12},"end":{"line":89,"column":13}},"type":"if","locations":[{"start":{"line":85,"column":12},"end":{"line":89,"column":13}},{"start":{"line":85,"column":12},"end":{"line":89,"column":13}}],"line":85},"11":{"loc":{"start":{"line":95,"column":8},"end":{"line":118,"column":9}},"type":"if","locations":[{"start":{"line":95,"column":8},"end":{"line":118,"column":9}},{"start":{"line":95,"column":8},"end":{"line":118,"column":9}}],"line":95},"12":{"loc":{"start":{"line":96,"column":12},"end":{"line":113,"column":13}},"type":"if","locations":[{"start":{"line":96,"column":12},"end":{"line":113,"column":13}},{"start":{"line":96,"column":12},"end":{"line":113,"column":13}}],"line":96},"13":{"loc":{"start":{"line":98,"column":19},"end":{"line":113,"column":13}},"type":"if","locations":[{"start":{"line":98,"column":19},"end":{"line":113,"column":13}},{"start":{"line":98,"column":19},"end":{"line":113,"column":13}}],"line":98},"14":{"loc":{"start":{"line":100,"column":19},"end":{"line":113,"column":13}},"type":"if","locations":[{"start":{"line":100,"column":19},"end":{"line":113,"column":13}},{"start":{"line":100,"column":19},"end":{"line":113,"column":13}}],"line":100},"15":{"loc":{"start":{"line":101,"column":16},"end":{"line":112,"column":17}},"type":"if","locations":[{"start":{"line":101,"column":16},"end":{"line":112,"column":17}},{"start":{"line":101,"column":16},"end":{"line":112,"column":17}}],"line":101},"16":{"loc":{"start":{"line":104,"column":23},"end":{"line":112,"column":17}},"type":"if","locations":[{"start":{"line":104,"column":23},"end":{"line":112,"column":17}},{"start":{"line":104,"column":23},"end":{"line":112,"column":17}}],"line":104},"17":{"loc":{"start":{"line":137,"column":8},"end":{"line":143,"column":9}},"type":"if","locations":[{"start":{"line":137,"column":8},"end":{"line":143,"column":9}},{"start":{"line":137,"column":8},"end":{"line":143,"column":9}}],"line":137},"18":{"loc":{"start":{"line":139,"column":15},"end":{"line":143,"column":9}},"type":"if","locations":[{"start":{"line":139,"column":15},"end":{"line":143,"column":9}},{"start":{"line":139,"column":15},"end":{"line":143,"column":9}}],"line":139},"19":{"loc":{"start":{"line":141,"column":15},"end":{"line":143,"column":9}},"type":"if","locations":[{"start":{"line":141,"column":15},"end":{"line":143,"column":9}},{"start":{"line":141,"column":15},"end":{"line":143,"column":9}}],"line":141},"20":{"loc":{"start":{"line":153,"column":8},"end":{"line":162,"column":9}},"type":"if","locations":[{"start":{"line":153,"column":8},"end":{"line":162,"column":9}},{"start":{"line":153,"column":8},"end":{"line":162,"column":9}}],"line":153},"21":{"loc":{"start":{"line":155,"column":12},"end":{"line":159,"column":13}},"type":"if","locations":[{"start":{"line":155,"column":12},"end":{"line":159,"column":13}},{"start":{"line":155,"column":12},"end":{"line":159,"column":13}}],"line":155},"22":{"loc":{"start":{"line":177,"column":19},"end":{"line":182,"column":13}},"type":"cond-expr","locations":[{"start":{"line":177,"column":40},"end":{"line":180,"column":13}},{"start":{"line":180,"column":16},"end":{"line":182,"column":13}}],"line":177},"23":{"loc":{"start":{"line":205,"column":19},"end":{"line":210,"column":13}},"type":"cond-expr","locations":[{"start":{"line":205,"column":40},"end":{"line":208,"column":13}},{"start":{"line":208,"column":16},"end":{"line":210,"column":13}}],"line":205},"24":{"loc":{"start":{"line":233,"column":19},"end":{"line":238,"column":13}},"type":"cond-expr","locations":[{"start":{"line":233,"column":40},"end":{"line":236,"column":13}},{"start":{"line":236,"column":16},"end":{"line":238,"column":13}}],"line":233},"25":{"loc":{"start":{"line":258,"column":18},"end":{"line":258,"column":41}},"type":"cond-expr","locations":[{"start":{"line":258,"column":33},"end":{"line":258,"column":36}},{"start":{"line":258,"column":39},"end":{"line":258,"column":41}}],"line":258},"26":{"loc":{"start":{"line":270,"column":11},"end":{"line":270,"column":28}},"type":"binary-expr","locations":[{"start":{"line":270,"column":11},"end":{"line":270,"column":15}},{"start":{"line":270,"column":19},"end":{"line":270,"column":28}}],"line":270},"27":{"loc":{"start":{"line":273,"column":4},"end":{"line":280,"column":5}},"type":"if","locations":[{"start":{"line":273,"column":4},"end":{"line":280,"column":5}},{"start":{"line":273,"column":4},"end":{"line":280,"column":5}}],"line":273},"28":{"loc":{"start":{"line":285,"column":11},"end":{"line":285,"column":29}},"type":"binary-expr","locations":[{"start":{"line":285,"column":11},"end":{"line":285,"column":15}},{"start":{"line":285,"column":19},"end":{"line":285,"column":29}}],"line":285},"29":{"loc":{"start":{"line":288,"column":4},"end":{"line":295,"column":5}},"type":"if","locations":[{"start":{"line":288,"column":4},"end":{"line":295,"column":5}},{"start":{"line":288,"column":4},"end":{"line":295,"column":5}}],"line":288},"30":{"loc":{"start":{"line":303,"column":4},"end":{"line":310,"column":5}},"type":"if","locations":[{"start":{"line":303,"column":4},"end":{"line":310,"column":5}},{"start":{"line":303,"column":4},"end":{"line":310,"column":5}}],"line":303},"31":{"loc":{"start":{"line":343,"column":8},"end":{"line":347,"column":9}},"type":"if","locations":[{"start":{"line":343,"column":8},"end":{"line":347,"column":9}},{"start":{"line":343,"column":8},"end":{"line":347,"column":9}}],"line":343},"32":{"loc":{"start":{"line":366,"column":18},"end":{"line":366,"column":41}},"type":"cond-expr","locations":[{"start":{"line":366,"column":33},"end":{"line":366,"column":36}},{"start":{"line":366,"column":39},"end":{"line":366,"column":41}}],"line":366},"33":{"loc":{"start":{"line":378,"column":4},"end":{"line":382,"column":5}},"type":"if","locations":[{"start":{"line":378,"column":4},"end":{"line":382,"column":5}},{"start":{"line":378,"column":4},"end":{"line":382,"column":5}}],"line":378},"34":{"loc":{"start":{"line":387,"column":4},"end":{"line":391,"column":5}},"type":"if","locations":[{"start":{"line":387,"column":4},"end":{"line":391,"column":5}},{"start":{"line":387,"column":4},"end":{"line":391,"column":5}}],"line":387}},"s":{"0":4,"1":4,"2":4,"3":651212,"4":0,"5":651212,"6":301251,"7":349961,"8":298695,"9":51266,"10":4,"11":10374,"12":10374,"13":10374,"14":10374,"15":4,"16":1,"17":1,"18":1,"19":7,"20":7,"21":2,"22":2,"23":1,"24":2,"25":2,"26":10374,"27":10374,"28":162428,"29":54,"30":54,"31":162374,"32":3728,"33":158646,"34":78834,"35":75539,"36":3295,"37":3295,"38":79812,"39":76515,"40":3297,"41":3297,"42":10374,"43":10374,"44":10374,"45":2,"46":6331,"47":6331,"48":8000,"49":8000,"50":4800,"51":3200,"52":0,"53":6331,"54":95294,"55":95292,"56":39861,"57":55431,"58":45902,"59":9529,"60":9529,"61":5169,"62":5169,"63":4360,"64":1160,"65":1160,"66":3200,"67":3200,"68":3200,"69":3200,"70":88963,"71":2,"72":6331,"73":2,"74":58,"75":58,"76":2,"77":30,"78":2,"79":6320,"80":6320,"81":6320,"82":107212,"83":50801,"84":56411,"85":50094,"86":6317,"87":6317,"88":3,"89":2,"90":175,"91":175,"92":175,"93":1551,"94":688,"95":688,"96":0,"97":688,"98":688,"99":688,"100":175,"101":2,"102":5,"103":5,"104":5,"105":35,"106":5,"107":40,"108":2,"109":0,"110":0,"111":2,"112":2,"113":2,"114":2,"115":14,"116":2,"117":16,"118":1,"119":0,"120":0,"121":2,"122":5,"123":5,"124":5,"125":35,"126":5,"127":40,"128":2,"129":0,"130":0,"131":2,"132":86,"133":86,"134":86,"135":316,"136":316,"137":86,"138":86,"139":2,"140":4,"141":2,"142":4,"143":4,"144":4,"145":4,"146":2,"147":2,"148":2,"149":4,"150":4,"151":2,"152":4,"153":2,"154":2,"155":2,"156":2,"157":2,"158":1,"159":1,"160":1,"161":7,"162":7,"163":2,"164":2,"165":1,"166":2,"167":2,"168":169,"169":169,"170":2,"171":26,"172":26,"173":2,"174":28,"175":28,"176":2,"177":2,"178":2,"179":76,"180":76,"181":281,"182":0,"183":281,"184":76,"185":2,"186":15,"187":2,"188":3,"189":2,"190":75,"191":75,"192":75,"193":274,"194":274,"195":75,"196":75,"197":2,"198":2,"199":2,"200":2,"201":2,"202":1,"203":1,"204":2,"205":2,"206":2,"207":1,"208":1,"209":2},"f":{"0":4,"1":651212,"2":10374,"3":1,"4":10374,"5":162428,"6":6331,"7":8000,"8":95294,"9":58,"10":30,"11":6320,"12":175,"13":1551,"14":5,"15":35,"16":40,"17":2,"18":0,"19":2,"20":14,"21":16,"22":1,"23":0,"24":5,"25":35,"26":40,"27":2,"28":0,"29":86,"30":316,"31":4,"32":4,"33":4,"34":2,"35":1,"36":169,"37":26,"38":28,"39":2,"40":76,"41":281,"42":15,"43":3,"44":75,"45":274,"46":2,"47":2,"48":2},"b":{"0":[0,651212],"1":[301251,349961],"2":[298695,51266],"3":[1,3],"4":[54,162374],"5":[3728,158646],"6":[78834,79812],"7":[75539,3295],"8":[76515,3297],"9":[8000,0],"10":[4800,3200],"11":[95292,2],"12":[39861,55431],"13":[45902,9529],"14":[9529,0],"15":[5169,4360],"16":[1160,3200],"17":[50801,56411],"18":[50094,6317],"19":[6317,0],"20":[688,863],"21":[0,688],"22":[35,5],"23":[14,2],"24":[35,5],"25":[261,55],"26":[8,6],"27":[2,2],"28":[6,4],"29":[2,2],"30":[1,1],"31":[0,281],"32":[225,49],"33":[1,1],"34":[1,1]},"_coverageSchema":"332fd63041d2c1bcb487cc26dd0d5f7d97098a6c","hash":"f5012049491b4e2c65e026e5a62cb11ff955798b"}
}
