TN:
SF:/Users/us/myprojects/somap/somap.js
FN:3,SoMap
FN:7,(anonymous_1)
FN:19,(anonymous_2)
FN:38,(anonymous_3)
FN:44,(anonymous_4)
FN:47,(anonymous_5)
FN:80,(anonymous_6)
FN:83,(anonymous_7)
FN:94,(anonymous_8)
FN:124,(anonymous_9)
FN:129,(anonymous_10)
FN:133,(anonymous_11)
FN:148,(anonymous_12)
FN:152,(anonymous_13)
FN:168,(anonymous_14)
FN:171,(anonymous_15)
FN:176,(anonymous_16)
FN:184,(anonymous_17)
FN:187,(anonymous_18)
FN:196,(anonymous_19)
FN:199,(anonymous_20)
FN:204,(anonymous_21)
FN:212,(anonymous_22)
FN:215,(anonymous_23)
FN:224,(anonymous_24)
FN:227,(anonymous_25)
FN:232,(anonymous_26)
FN:240,(anonymous_27)
FN:243,(anonymous_28)
FN:252,(anonymous_29)
FN:256,(anonymous_30)
FN:264,(anonymous_31)
FN:268,(anonymous_32)
FN:283,(anonymous_33)
FN:300,SoSet
FN:315,(anonymous_35)
FN:321,(anonymous_36)
FN:326,(anonymous_37)
FN:331,(anonymous_38)
FN:336,(anonymous_39)
FN:340,(anonymous_40)
FN:342,(anonymous_41)
FN:352,(anonymous_42)
FN:356,(anonymous_43)
FN:360,(anonymous_44)
FN:364,(anonymous_45)
FN:372,(anonymous_46)
FN:376,(anonymous_47)
FN:385,(anonymous_48)
FNF:49
FNH:46
FNDA:4,SoMap
FNDA:629612,(anonymous_1)
FNDA:10374,(anonymous_2)
FNDA:1,(anonymous_3)
FNDA:10374,(anonymous_4)
FNDA:157524,(anonymous_5)
FNDA:6364,(anonymous_6)
FNDA:8179,(anonymous_7)
FNDA:93854,(anonymous_8)
FNDA:58,(anonymous_9)
FNDA:30,(anonymous_10)
FNDA:6353,(anonymous_11)
FNDA:175,(anonymous_12)
FNDA:1551,(anonymous_13)
FNDA:5,(anonymous_14)
FNDA:35,(anonymous_15)
FNDA:40,(anonymous_16)
FNDA:2,(anonymous_17)
FNDA:0,(anonymous_18)
FNDA:2,(anonymous_19)
FNDA:14,(anonymous_20)
FNDA:16,(anonymous_21)
FNDA:1,(anonymous_22)
FNDA:0,(anonymous_23)
FNDA:5,(anonymous_24)
FNDA:35,(anonymous_25)
FNDA:40,(anonymous_26)
FNDA:2,(anonymous_27)
FNDA:0,(anonymous_28)
FNDA:86,(anonymous_29)
FNDA:316,(anonymous_30)
FNDA:4,(anonymous_31)
FNDA:4,(anonymous_32)
FNDA:4,(anonymous_33)
FNDA:2,SoSet
FNDA:1,(anonymous_35)
FNDA:169,(anonymous_36)
FNDA:26,(anonymous_37)
FNDA:28,(anonymous_38)
FNDA:2,(anonymous_39)
FNDA:76,(anonymous_40)
FNDA:281,(anonymous_41)
FNDA:15,(anonymous_42)
FNDA:3,(anonymous_43)
FNDA:75,(anonymous_44)
FNDA:274,(anonymous_45)
FNDA:2,(anonymous_46)
FNDA:2,(anonymous_47)
FNDA:2,(anonymous_48)
DA:4,4
DA:5,4
DA:7,4
DA:8,629612
DA:9,0
DA:10,629612
DA:11,290039
DA:12,339573
DA:13,287851
DA:15,51722
DA:19,4
DA:20,10374
DA:21,10374
DA:22,10374
DA:23,10374
DA:26,4
DA:27,1
DA:28,1
DA:29,1
DA:30,7
DA:31,7
DA:36,2
DA:38,2
DA:39,1
DA:42,2
DA:44,2
DA:45,10374
DA:47,10374
DA:48,157524
DA:50,54
DA:51,54
DA:52,157470
DA:54,3695
DA:55,153775
DA:57,71512
DA:58,68183
DA:60,3329
DA:61,3329
DA:65,82263
DA:66,78967
DA:68,3296
DA:69,3296
DA:72,10374
DA:75,10374
DA:76,10374
DA:80,2
DA:81,6364
DA:83,6364
DA:84,8179
DA:85,8179
DA:86,4882
DA:88,3297
DA:91,0
DA:94,6364
DA:95,93854
DA:96,93852
DA:97,42388
DA:98,51464
DA:99,41805
DA:100,9659
DA:101,9659
DA:102,5171
DA:103,5171
DA:104,4488
DA:105,1191
DA:106,1191
DA:108,3297
DA:109,3297
DA:110,3297
DA:111,3297
DA:115,87490
DA:117,2
DA:121,6364
DA:124,2
DA:125,58
DA:126,58
DA:129,2
DA:130,30
DA:133,2
DA:134,6353
DA:135,6353
DA:136,6353
DA:137,104848
DA:138,52654
DA:139,52194
DA:140,45844
DA:141,6350
DA:142,6350
DA:145,3
DA:148,2
DA:150,175
DA:151,175
DA:152,175
DA:153,1551
DA:154,688
DA:155,688
DA:156,0
DA:158,688
DA:160,688
DA:161,688
DA:165,175
DA:168,2
DA:169,5
DA:170,5
DA:171,5
DA:172,35
DA:175,5
DA:177,40
DA:185,2
DA:188,0
DA:189,0
DA:196,2
DA:197,2
DA:198,2
DA:199,2
DA:200,14
DA:203,2
DA:205,16
DA:213,1
DA:216,0
DA:217,0
DA:224,2
DA:225,5
DA:226,5
DA:227,5
DA:228,35
DA:231,5
DA:233,40
DA:241,2
DA:244,0
DA:245,0
DA:252,2
DA:253,86
DA:254,86
DA:256,86
DA:257,316
DA:258,316
DA:260,86
DA:261,86
DA:264,2
DA:265,4
DA:268,2
DA:269,4
DA:270,4
DA:271,4
DA:273,4
DA:274,2
DA:279,2
DA:283,2
DA:284,4
DA:285,4
DA:286,2
DA:288,4
DA:289,2
DA:294,2
DA:301,2
DA:302,2
DA:303,2
DA:304,1
DA:305,1
DA:306,1
DA:307,7
DA:308,7
DA:313,2
DA:315,2
DA:316,1
DA:319,2
DA:321,2
DA:322,169
DA:323,169
DA:326,2
DA:327,26
DA:328,26
DA:331,2
DA:332,28
DA:333,28
DA:336,2
DA:337,2
DA:340,2
DA:341,76
DA:342,76
DA:343,281
DA:344,0
DA:346,281
DA:349,76
DA:352,2
DA:353,15
DA:356,2
DA:357,3
DA:360,2
DA:361,75
DA:362,75
DA:364,75
DA:365,274
DA:366,274
DA:368,75
DA:369,75
DA:372,2
DA:373,2
DA:376,2
DA:377,2
DA:378,2
DA:379,1
DA:381,1
DA:385,2
DA:386,2
DA:387,2
DA:388,1
DA:390,1
DA:396,2
LF:210
LH:200
BRDA:8,0,0,0
BRDA:8,0,1,629612
BRDA:10,1,0,290039
BRDA:10,1,1,339573
BRDA:12,2,0,287851
BRDA:12,2,1,51722
BRDA:26,3,0,1
BRDA:26,3,1,3
BRDA:48,4,0,54
BRDA:48,4,1,157470
BRDA:52,5,0,3695
BRDA:52,5,1,153775
BRDA:55,6,0,71512
BRDA:55,6,1,82263
BRDA:57,7,0,68183
BRDA:57,7,1,3329
BRDA:65,8,0,78967
BRDA:65,8,1,3296
BRDA:84,9,0,8179
BRDA:84,9,1,0
BRDA:85,10,0,4882
BRDA:85,10,1,3297
BRDA:95,11,0,93852
BRDA:95,11,1,2
BRDA:96,12,0,42388
BRDA:96,12,1,51464
BRDA:98,13,0,41805
BRDA:98,13,1,9659
BRDA:100,14,0,9659
BRDA:100,14,1,0
BRDA:101,15,0,5171
BRDA:101,15,1,4488
BRDA:104,16,0,1191
BRDA:104,16,1,3297
BRDA:137,17,0,52654
BRDA:137,17,1,52194
BRDA:139,18,0,45844
BRDA:139,18,1,6350
BRDA:141,19,0,6350
BRDA:141,19,1,0
BRDA:153,20,0,688
BRDA:153,20,1,863
BRDA:155,21,0,0
BRDA:155,21,1,688
BRDA:177,22,0,35
BRDA:177,22,1,5
BRDA:205,23,0,14
BRDA:205,23,1,2
BRDA:233,24,0,35
BRDA:233,24,1,5
BRDA:258,25,0,261
BRDA:258,25,1,55
BRDA:270,26,0,8
BRDA:270,26,1,6
BRDA:273,27,0,2
BRDA:273,27,1,2
BRDA:285,28,0,6
BRDA:285,28,1,4
BRDA:288,29,0,2
BRDA:288,29,1,2
BRDA:303,30,0,1
BRDA:303,30,1,1
BRDA:343,31,0,0
BRDA:343,31,1,281
BRDA:366,32,0,225
BRDA:366,32,1,49
BRDA:378,33,0,1
BRDA:378,33,1,1
BRDA:387,34,0,1
BRDA:387,34,1,1
BRF:70
BRH:64
end_of_record
